<?xml version="1.0" encoding="UTF-8"?>
<testng-results ignored="0" total="3" passed="3" failed="0" skipped="0">
  <reporter-output>
  </reporter-output>
  <suite started-at="2019-08-14T21:15:16Z" name="Default suite" finished-at="2019-08-14T21:15:50Z" duration-ms="34920">
    <groups>
      <group name="cucumber">
        <method signature="TestRunner_CafeTownsend.feature(cucumber.api.testng.CucumberFeatureWrapper)[pri:0, instance:testRunner_CT.TestRunner_CafeTownsend@5b03b9fe]" name="feature" class="testRunner_CT.TestRunner_CafeTownsend"/>
      </group> <!-- cucumber -->
    </groups>
    <test started-at="2019-08-14T21:15:16Z" name="Default test" finished-at="2019-08-14T21:15:50Z" duration-ms="34920">
      <class name="testRunner_CT.TestRunner_CafeTownsend">
        <test-method is-config="true" signature="setUpClass()[pri:0, instance:testRunner_CT.TestRunner_CafeTownsend@5b03b9fe]" started-at="2019-08-14T21:15:16Z" name="setUpClass" finished-at="2019-08-14T21:15:16Z" duration-ms="365" status="PASS">
          <reporter-output>
          </reporter-output>
        </test-method> <!-- setUpClass -->
        <test-method signature="feature(cucumber.api.testng.CucumberFeatureWrapper)[pri:0, instance:testRunner_CT.TestRunner_CafeTownsend@5b03b9fe]" started-at="2019-08-14T21:15:16Z" name="feature" description="Runs Cucumber Feature" data-provider="features" finished-at="2019-08-14T21:15:39Z" duration-ms="22849" status="PASS">
          <params>
            <param index="0">
              <value>
                <![CDATA[Add and Delete Employee]]>
              </value>
            </param>
          </params>
          <reporter-output>
          </reporter-output>
        </test-method> <!-- feature -->
        <test-method signature="feature(cucumber.api.testng.CucumberFeatureWrapper)[pri:0, instance:testRunner_CT.TestRunner_CafeTownsend@5b03b9fe]" started-at="2019-08-14T21:15:39Z" name="feature" description="Runs Cucumber Feature" data-provider="features" finished-at="2019-08-14T21:15:44Z" duration-ms="4867" status="PASS">
          <params>
            <param index="0">
              <value>
                <![CDATA[Login]]>
              </value>
            </param>
          </params>
          <reporter-output>
          </reporter-output>
        </test-method> <!-- feature -->
        <test-method signature="feature(cucumber.api.testng.CucumberFeatureWrapper)[pri:0, instance:testRunner_CT.TestRunner_CafeTownsend@5b03b9fe]" started-at="2019-08-14T21:15:44Z" name="feature" description="Runs Cucumber Feature" data-provider="features" finished-at="2019-08-14T21:15:50Z" duration-ms="6643" status="PASS">
          <params>
            <param index="0">
              <value>
                <![CDATA[Logout]]>
              </value>
            </param>
          </params>
          <reporter-output>
          </reporter-output>
        </test-method> <!-- feature -->
        <test-method is-config="true" signature="tearDownClass()[pri:0, instance:testRunner_CT.TestRunner_CafeTownsend@5b03b9fe]" started-at="2019-08-14T21:15:50Z" name="tearDownClass" finished-at="2019-08-14T21:15:50Z" duration-ms="11" status="PASS">
          <reporter-output>
          </reporter-output>
        </test-method> <!-- tearDownClass -->
      </class> <!-- testRunner_CT.TestRunner_CafeTownsend -->
    </test> <!-- Default test -->
  </suite> <!-- Default suite -->
</testng-results>
